<?xml version="1.0" encoding="UTF-8"?>
<!-- Generated by org.testng.reporters.JUnitXMLReporter -->
<testsuite hostname="DESKTOP-MH5211V" ignored="0" name="Test" tests="2" failures="1" timestamp="01 Nov 2019 21:13:25 GMT" time="13.818" errors="0">
  <testcase name="f" time="6.614" classname="TestNG_example.TestNG_example.myClass"/>
  <testcase name="f2" time="6.318" classname="TestNG_example.TestNG_example.myClass">
    <failure type="java.lang.AssertionError" message="expected [true] but found [false]">
      <![CDATA[java.lang.AssertionError: expected [true] but found [false]
at TestNG_example.TestNG_example.myClass.f2(myClass.java:56)
... Removed 32 stack frames]]>
    </failure>
  </testcase> <!-- f2 -->
</testsuite> <!-- Test -->
