<?xml version="1.0" encoding="UTF-8"?>
<testng-results skipped="0" failed="0" ignored="0" total="2" passed="2">
  <reporter-output>
  </reporter-output>
  <suite name="Suite" duration-ms="9854" started-at="2019-11-05T04:01:59Z" finished-at="2019-11-05T04:02:09Z">
    <groups>
    </groups>
    <test name="Test" duration-ms="9854" started-at="2019-11-05T04:01:59Z" finished-at="2019-11-05T04:02:09Z">
      <class name="test.myTests">
        <test-method status="PASS" signature="f()[pri:0, instance:test.myTests@6fb554cc]" name="f" duration-ms="6865" started-at="2019-11-05T04:01:59Z" finished-at="2019-11-05T04:02:06Z">
          <reporter-output>
          </reporter-output>
        </test-method> <!-- f -->
        <test-method status="PASS" signature="f1()[pri:0, instance:test.myTests@6fb554cc]" name="f1" duration-ms="2951" started-at="2019-11-05T04:02:06Z" finished-at="2019-11-05T04:02:09Z">
          <reporter-output>
          </reporter-output>
        </test-method> <!-- f1 -->
      </class> <!-- test.myTests -->
    </test> <!-- Test -->
  </suite> <!-- Suite -->
</testng-results>
