<?xml version="1.0" encoding="UTF-8"?>
<testng-results skipped="0" failed="0" ignored="0" total="2" passed="2">
  <reporter-output>
  </reporter-output>
  <suite name="Default suite" duration-ms="9336" started-at="2019-11-12T18:12:57Z" finished-at="2019-11-12T18:13:06Z">
    <groups>
    </groups>
    <test name="Default test" duration-ms="9336" started-at="2019-11-12T18:12:57Z" finished-at="2019-11-12T18:13:06Z">
      <class name="test.myTests">
        <test-method status="PASS" signature="f()[pri:0, instance:test.myTests@402a079c]" name="f" duration-ms="6092" started-at="2019-11-12T18:12:57Z" finished-at="2019-11-12T18:13:03Z">
          <reporter-output>
          </reporter-output>
        </test-method> <!-- f -->
        <test-method status="PASS" signature="f1()[pri:0, instance:test.myTests@402a079c]" name="f1" duration-ms="3182" started-at="2019-11-12T18:13:03Z" finished-at="2019-11-12T18:13:06Z">
          <reporter-output>
          </reporter-output>
        </test-method> <!-- f1 -->
      </class> <!-- test.myTests -->
    </test> <!-- Default test -->
  </suite> <!-- Default suite -->
</testng-results>
